<?xml version="1.0" encoding="UTF-8"?>
<!-- Generated by org.testng.reporters.JUnitReportReporter -->
<testsuite hostname="DESKTOP-I3DGD38" failures="0" tests="1" name="com.test.TestExamples" time="11.693" errors="0" timestamp="2023-10-20T16:45:05 EAT" skipped="0">
  <testcase classname="com.test.TestExamples" name="test1" time="11.693"/>
  <system-out/>
</testsuite> <!-- com.test.TestExamples -->
