<?xml version="1.0" encoding="UTF-8"?>
<!-- Generated by org.testng.reporters.JUnitReportReporter -->
<testsuite hostname="DESKTOP-I3DGD38" failures="0" tests="2" name="com.test.GetRequestDemo" time="15.895" errors="0" timestamp="2023-10-20T17:28:57 EAT" skipped="0">
  <testcase classname="com.test.GetRequestDemo" name="test2" time="4.935"/>
  <system-out/>
  <testcase classname="com.test.GetRequestDemo" name="test1" time="10.960"/>
  <system-out/>
</testsuite> <!-- com.test.GetRequestDemo -->
