<?xml version="1.0" encoding="UTF-8"?>
<!-- Generated by org.testng.reporters.JUnitReportReporter -->
<testsuite hostname="DESKTOP-I3DGD38" failures="0" tests="3" name="com.test.PutPatchAndDelete_Demo" time="13.731" errors="0" timestamp="2023-10-20T21:54:05 EAT" skipped="0">
  <testcase classname="com.test.PutPatchAndDelete_Demo" name="testPut" time="0.825"/>
  <system-out/>
  <testcase classname="com.test.PutPatchAndDelete_Demo" name="testPatch" time="1.146"/>
  <system-out/>
  <testcase classname="com.test.PutPatchAndDelete_Demo" name="testDelete" time="11.760"/>
  <system-out/>
</testsuite> <!-- com.test.PutPatchAndDelete_Demo -->
