<?xml version="1.0" encoding="UTF-8"?>
<!-- Generated by org.testng.reporters.JUnitReportReporter -->
<testsuite hostname="DESKTOP-I3DGD38" failures="0" tests="2" name="com.test.GetAndPost_Demos" time="22.313" errors="0" timestamp="2023-10-20T19:58:53 EAT" skipped="0">
  <testcase classname="com.test.GetAndPost_Demos" name="testPost" time="1.370"/>
  <system-out/>
  <testcase classname="com.test.GetAndPost_Demos" name="testGet" time="20.943"/>
  <system-out/>
</testsuite> <!-- com.test.GetAndPost_Demos -->
